*** Using Compiler 'V5.06 update 6 (build 750)', folder: 'E:\keil5\ARM\ARMCC\Bin'
Build target 'Infantry_Momentum'
assembling startup_stm32f405xx.s...
compiling can.c...
compiling dma.c...
compiling stm32f4xx_it.c...
compiling stm32f4xx_hal_msp.c...
compiling dac.c...
compiling adc.c...
compiling usart.c...
compiling gpio.c...
compiling main.c...
compiling tim.c...
compiling freertos.c...
compiling stm32f4xx_hal_timebase_tim.c...
compiling stm32f4xx_hal_flash_ramfunc.c...
compiling stm32f4xx_hal_dma.c...
compiling stm32f4xx_hal_flash_ex.c...
compiling stm32f4xx_hal_gpio.c...
compiling stm32f4xx_hal_rcc_ex.c...
compiling stm32f4xx_hal_adc_ex.c...
compiling stm32f4xx_hal_rcc.c...
compiling stm32f4xx_hal_flash.c...
compiling stm32f4xx_hal_adc.c...
compiling stm32f4xx_hal_dma_ex.c...
compiling stm32f4xx_hal_pwr.c...
compiling stm32f4xx_hal_uart.c...
compiling stm32f4xx_hal_pwr_ex.c...
compiling croutine.c...
compiling stm32f4xx_hal_cortex.c...
compiling stm32f4xx_hal.c...
compiling event_groups.c...
compiling stm32f4xx_hal_tim_ex.c...
compiling stm32f4xx_hal_dac.c...
compiling list.c...
compiling stm32f4xx_hal_can.c...
compiling stm32f4xx_hal_dac_ex.c...
compiling stm32f4xx_hal_exti.c...
compiling timers.c...
compiling stream_buffer.c...
compiling queue.c...
compiling heap_4.c...
compiling system_stm32f4xx.c...
compiling port.c...
compiling tasks.c...
compiling cmsis_os.c...
compiling adc_util.c...
compiling dac_util.c...
compiling stm32f4xx_hal_tim.c...
compiling referee_periph.c...
compiling sensor_periph.c...
compiling pwm_util.c...
compiling gpio_util.c...
compiling led_periph.c...
compiling imu_periph.c...
compiling remote_periph.c...
compiling const_lib.c...
compiling servo_periph.c...
compiling motor_periph.c...
compiling can_util.c...
compiling miniPC_periph.c...
compiling uart_util.c...
compiling crc_alg.c...
compiling cha_gimbal_ctrl.c...
compiling cha_chassis_ctrl.c...
compiling log_lib.c...
compiling cha_power_ctrl.c...
compiling cha_referee_ctrl.c...
compiling math_alg.c...
compiling supercap_ctrl.c...
compiling buff_lib.c...
compiling filter_alg.c...
compiling pid_alg.c...
compiling kalman_alg.c...
compiling gim_gimbal_ctrl.c...
compiling gim_remote_ctrl.c...
compiling gim_miniPC_ctrl.c...
compiling gim_shoot_ctrl.c...
compiling watchdog_ctrl.c...
compiling supercap_comm.c...
compiling buscomm_ctrl.c...
compiling init_ctrl.c...
compiling buscomm_cmd.c...
linking...
Infantry_Momentum\Infantry_Momentum.axf: Error: L6218E: Undefined symbol arm_mat_add_f32 (referred from kalman_alg.o).
Infantry_Momentum\Infantry_Momentum.axf: Error: L6218E: Undefined symbol arm_mat_init_f32 (referred from kalman_alg.o).
Infantry_Momentum\Infantry_Momentum.axf: Error: L6218E: Undefined symbol arm_mat_inverse_f32 (referred from kalman_alg.o).
Infantry_Momentum\Infantry_Momentum.axf: Error: L6218E: Undefined symbol arm_mat_mult_f32 (referred from kalman_alg.o).
Infantry_Momentum\Infantry_Momentum.axf: Error: L6218E: Undefined symbol arm_mat_sub_f32 (referred from kalman_alg.o).
Infantry_Momentum\Infantry_Momentum.axf: Error: L6218E: Undefined symbol arm_mat_trans_f32 (referred from kalman_alg.o).
Not enough information to list image symbols.
Not enough information to list load addresses in the image map.
Finished: 2 information, 0 warning and 6 error messages.
"Infantry_Momentum\Infantry_Momentum.axf" - 6 Error(s), 0 Warning(s).
Target not created.
Build Time Elapsed:  00:00:54
